This is pdfTeX, Version 3.14159265-2.6-1.40.15 (TeX Live 2014/W32TeX) (preloaded format=pdflatex 2015.1.28)  18 JUN 2015 14:39
entering extended mode
 restricted \write18 enabled.
 %&-line parsing enabled.
**ttbactivebasel.tex
(./ttbactivebasel.tex
LaTeX2e <2014/05/01>
Babel <3.9l> and hyphenation patterns for 79 languages loaded.
(c:/texlive/2014/texmf-dist/tex/latex/beamer/beamer.cls
(c:/texlive/2014/texmf-dist/tex/latex/beamer/beamerbasercs.sty
Package: beamerbasercs 2013/12/25 (rcs-revision 31cc758a62ae)
)
Document Class: beamer 2013/12/02 3.33 A class for typesetting presentations (r
cs-revision 332bfd3ce558)
(c:/texlive/2014/texmf-dist/tex/latex/beamer/beamerbasemodes.sty
Package: beamerbasemodes 2013/09/03 (rcs-revision 768f2d98ca64)
\beamer@tempbox=\box26
\beamer@tempcount=\count79
\c@beamerpauses=\count80

(c:/texlive/2014/texmf-dist/tex/latex/beamer/beamerbasedecode.sty
Package: beamerbasedecode 2010/05/01 (rcs-revision efa082c6111d)
\beamer@slideinframe=\count81
\beamer@minimum=\count82
)
\beamer@commentbox=\box27
\beamer@modecount=\count83
)
(c:/texlive/2014/texmf-dist/tex/generic/oberdiek/ifpdf.sty
Package: ifpdf 2011/01/30 v2.3 Provides the ifpdf switch (HO)
Package ifpdf Info: pdfTeX in PDF mode is detected.
)
\headheight=\dimen102
\headdp=\dimen103
\footheight=\dimen104
\sidebarheight=\dimen105
\beamer@tempdim=\dimen106
\beamer@finalheight=\dimen107
\beamer@animht=\dimen108
\beamer@animdp=\dimen109
\beamer@animwd=\dimen110
\beamer@leftmargin=\dimen111
\beamer@rightmargin=\dimen112
\beamer@leftsidebar=\dimen113
\beamer@rightsidebar=\dimen114
\beamer@boxsize=\dimen115
\beamer@vboxoffset=\dimen116
\beamer@descdefault=\dimen117
\beamer@descriptionwidth=\dimen118
\beamer@lastskip=\skip41
\beamer@areabox=\box28
\beamer@animcurrent=\box29
\beamer@animshowbox=\box30
\beamer@sectionbox=\box31
\beamer@logobox=\box32
\beamer@linebox=\box33
\beamer@sectioncount=\count84
\beamer@subsubsectionmax=\count85
\beamer@subsectionmax=\count86
\beamer@sectionmax=\count87
\beamer@totalheads=\count88
\beamer@headcounter=\count89
\beamer@partstartpage=\count90
\beamer@sectionstartpage=\count91
\beamer@subsectionstartpage=\count92
\beamer@animationtempa=\count93
\beamer@animationtempb=\count94
\beamer@xpos=\count95
\beamer@ypos=\count96
\beamer@showpartnumber=\count97
\beamer@currentsubsection=\count98
\beamer@coveringdepth=\count99
\beamer@sectionadjust=\count100
\beamer@tocsectionnumber=\count101

(c:/texlive/2014/texmf-dist/tex/latex/beamer/beamerbaseoptions.sty
Package: beamerbaseoptions 2013/03/10 (rcs-revision 47431932db0d)

(c:/texlive/2014/texmf-dist/tex/latex/graphics/keyval.sty
Package: keyval 2014/10/28 v1.15 key=value parser (DPC)
\KV@toks@=\toks14
))
\beamer@paperwidth=\skip42
\beamer@paperheight=\skip43

(c:/texlive/2014/texmf-dist/tex/latex/geometry/geometry.sty
Package: geometry 2010/09/12 v5.6 Page Geometry

(c:/texlive/2014/texmf-dist/tex/generic/oberdiek/ifvtex.sty
Package: ifvtex 2010/03/01 v1.5 Detect VTeX and its facilities (HO)
Package ifvtex Info: VTeX not detected.
)
(c:/texlive/2014/texmf-dist/tex/generic/ifxetex/ifxetex.sty
Package: ifxetex 2010/09/12 v0.6 Provides ifxetex conditional
)
\Gm@cnth=\count102
\Gm@cntv=\count103
\c@Gm@tempcnt=\count104
\Gm@bindingoffset=\dimen119
\Gm@wd@mp=\dimen120
\Gm@odd@mp=\dimen121
\Gm@even@mp=\dimen122
\Gm@layoutwidth=\dimen123
\Gm@layoutheight=\dimen124
\Gm@layouthoffset=\dimen125
\Gm@layoutvoffset=\dimen126
\Gm@dimlist=\toks15
)
(c:/texlive/2014/texmf-dist/tex/latex/base/size11.clo
File: size11.clo 2014/09/29 v1.4h Standard LaTeX file (size option)
)
(c:/texlive/2014/texmf-dist/tex/latex/pgf/basiclayer/pgfcore.sty
(c:/texlive/2014/texmf-dist/tex/latex/graphics/graphicx.sty
Package: graphicx 2014/10/28 v1.0g Enhanced LaTeX Graphics (DPC,SPQR)

(c:/texlive/2014/texmf-dist/tex/latex/graphics/graphics.sty
Package: graphics 2014/10/28 v1.0p Standard LaTeX Graphics (DPC,SPQR)

(c:/texlive/2014/texmf-dist/tex/latex/graphics/trig.sty
Package: trig 1999/03/16 v1.09 sin cos tan (DPC)
)
(c:/texlive/2014/texmf-dist/tex/latex/latexconfig/graphics.cfg
File: graphics.cfg 2010/04/23 v1.9 graphics configuration of TeX Live
)
Package graphics Info: Driver file: pdftex.def on input line 91.

(c:/texlive/2014/texmf-dist/tex/latex/pdftex-def/pdftex.def
File: pdftex.def 2011/05/27 v0.06d Graphics/color for pdfTeX

(c:/texlive/2014/texmf-dist/tex/generic/oberdiek/infwarerr.sty
Package: infwarerr 2010/04/08 v1.3 Providing info/warning/error messages (HO)
)
(c:/texlive/2014/texmf-dist/tex/generic/oberdiek/ltxcmds.sty
Package: ltxcmds 2011/11/09 v1.22 LaTeX kernel commands for general use (HO)
)
\Gread@gobject=\count105
))
\Gin@req@height=\dimen127
\Gin@req@width=\dimen128
)
(c:/texlive/2014/texmf-dist/tex/latex/pgf/systemlayer/pgfsys.sty
(c:/texlive/2014/texmf-dist/tex/latex/pgf/utilities/pgfrcs.sty
(c:/texlive/2014/texmf-dist/tex/generic/pgf/utilities/pgfutil-common.tex
\pgfutil@everybye=\toks16
\pgfutil@tempdima=\dimen129
\pgfutil@tempdimb=\dimen130

(c:/texlive/2014/texmf-dist/tex/generic/pgf/utilities/pgfutil-common-lists.tex)
) (c:/texlive/2014/texmf-dist/tex/generic/pgf/utilities/pgfutil-latex.def
\pgfutil@abb=\box34

(c:/texlive/2014/texmf-dist/tex/latex/ms/everyshi.sty
Package: everyshi 2001/05/15 v3.00 EveryShipout Package (MS)
))
(c:/texlive/2014/texmf-dist/tex/generic/pgf/utilities/pgfrcs.code.tex
Package: pgfrcs 2013/12/20 v3.0.0 (rcs-revision 1.28)
))
(c:/texlive/2014/texmf-dist/tex/generic/pgf/systemlayer/pgfsys.code.tex
Package: pgfsys 2013/11/30 v3.0.0 (rcs-revision 1.47)

(c:/texlive/2014/texmf-dist/tex/generic/pgf/utilities/pgfkeys.code.tex
\pgfkeys@pathtoks=\toks17
\pgfkeys@temptoks=\toks18

(c:/texlive/2014/texmf-dist/tex/generic/pgf/utilities/pgfkeysfiltered.code.tex
\pgfkeys@tmptoks=\toks19
))
\pgf@x=\dimen131
\pgf@y=\dimen132
\pgf@xa=\dimen133
\pgf@ya=\dimen134
\pgf@xb=\dimen135
\pgf@yb=\dimen136
\pgf@xc=\dimen137
\pgf@yc=\dimen138
\w@pgf@writea=\write3
\r@pgf@reada=\read1
\c@pgf@counta=\count106
\c@pgf@countb=\count107
\c@pgf@countc=\count108
\c@pgf@countd=\count109
\t@pgf@toka=\toks20
\t@pgf@tokb=\toks21
\t@pgf@tokc=\toks22
 (c:/texlive/2014/texmf-dist/tex/generic/pgf/systemlayer/pgf.cfg
File: pgf.cfg 2008/05/14  (rcs-revision 1.7)
)
Driver file for pgf: pgfsys-pdftex.def

(c:/texlive/2014/texmf-dist/tex/generic/pgf/systemlayer/pgfsys-pdftex.def
File: pgfsys-pdftex.def 2013/07/18  (rcs-revision 1.33)

(c:/texlive/2014/texmf-dist/tex/generic/pgf/systemlayer/pgfsys-common-pdf.def
File: pgfsys-common-pdf.def 2013/10/10  (rcs-revision 1.13)
)))
(c:/texlive/2014/texmf-dist/tex/generic/pgf/systemlayer/pgfsyssoftpath.code.tex
File: pgfsyssoftpath.code.tex 2013/09/09  (rcs-revision 1.9)
\pgfsyssoftpath@smallbuffer@items=\count110
\pgfsyssoftpath@bigbuffer@items=\count111
)
(c:/texlive/2014/texmf-dist/tex/generic/pgf/systemlayer/pgfsysprotocol.code.tex
File: pgfsysprotocol.code.tex 2006/10/16  (rcs-revision 1.4)
)) (c:/texlive/2014/texmf-dist/tex/latex/xcolor/xcolor.sty
Package: xcolor 2007/01/21 v2.11 LaTeX color extensions (UK)

(c:/texlive/2014/texmf-dist/tex/latex/latexconfig/color.cfg
File: color.cfg 2007/01/18 v1.5 color configuration of teTeX/TeXLive
)
Package xcolor Info: Driver file: pdftex.def on input line 225.
Package xcolor Info: Model `cmy' substituted by `cmy0' on input line 1337.
Package xcolor Info: Model `hsb' substituted by `rgb' on input line 1341.
Package xcolor Info: Model `RGB' extended on input line 1353.
Package xcolor Info: Model `HTML' substituted by `rgb' on input line 1355.
Package xcolor Info: Model `Hsb' substituted by `hsb' on input line 1356.
Package xcolor Info: Model `tHsb' substituted by `hsb' on input line 1357.
Package xcolor Info: Model `HSB' substituted by `hsb' on input line 1358.
Package xcolor Info: Model `Gray' substituted by `gray' on input line 1359.
Package xcolor Info: Model `wave' substituted by `hsb' on input line 1360.
)
(c:/texlive/2014/texmf-dist/tex/generic/pgf/basiclayer/pgfcore.code.tex
Package: pgfcore 2010/04/11 v3.0.0 (rcs-revision 1.7)

(c:/texlive/2014/texmf-dist/tex/generic/pgf/math/pgfmath.code.tex
(c:/texlive/2014/texmf-dist/tex/generic/pgf/math/pgfmathcalc.code.tex
(c:/texlive/2014/texmf-dist/tex/generic/pgf/math/pgfmathutil.code.tex)
(c:/texlive/2014/texmf-dist/tex/generic/pgf/math/pgfmathparser.code.tex
\pgfmath@dimen=\dimen139
\pgfmath@count=\count112
\pgfmath@box=\box35
\pgfmath@toks=\toks23
\pgfmath@stack@operand=\toks24
\pgfmath@stack@operation=\toks25
)
(c:/texlive/2014/texmf-dist/tex/generic/pgf/math/pgfmathfunctions.code.tex
(c:/texlive/2014/texmf-dist/tex/generic/pgf/math/pgfmathfunctions.basic.code.te
x)
(c:/texlive/2014/texmf-dist/tex/generic/pgf/math/pgfmathfunctions.trigonometric
.code.tex)
(c:/texlive/2014/texmf-dist/tex/generic/pgf/math/pgfmathfunctions.random.code.t
ex)
(c:/texlive/2014/texmf-dist/tex/generic/pgf/math/pgfmathfunctions.comparison.co
de.tex)
(c:/texlive/2014/texmf-dist/tex/generic/pgf/math/pgfmathfunctions.base.code.tex
)
(c:/texlive/2014/texmf-dist/tex/generic/pgf/math/pgfmathfunctions.round.code.te
x)
(c:/texlive/2014/texmf-dist/tex/generic/pgf/math/pgfmathfunctions.misc.code.tex
)
(c:/texlive/2014/texmf-dist/tex/generic/pgf/math/pgfmathfunctions.integerarithm
etics.code.tex)))
(c:/texlive/2014/texmf-dist/tex/generic/pgf/math/pgfmathfloat.code.tex
\c@pgfmathroundto@lastzeros=\count113
))
(c:/texlive/2014/texmf-dist/tex/generic/pgf/basiclayer/pgfcorepoints.code.tex
File: pgfcorepoints.code.tex 2013/10/07  (rcs-revision 1.27)
\pgf@picminx=\dimen140
\pgf@picmaxx=\dimen141
\pgf@picminy=\dimen142
\pgf@picmaxy=\dimen143
\pgf@pathminx=\dimen144
\pgf@pathmaxx=\dimen145
\pgf@pathminy=\dimen146
\pgf@pathmaxy=\dimen147
\pgf@xx=\dimen148
\pgf@xy=\dimen149
\pgf@yx=\dimen150
\pgf@yy=\dimen151
\pgf@zx=\dimen152
\pgf@zy=\dimen153
)
(c:/texlive/2014/texmf-dist/tex/generic/pgf/basiclayer/pgfcorepathconstruct.cod
e.tex
File: pgfcorepathconstruct.code.tex 2013/10/07  (rcs-revision 1.29)
\pgf@path@lastx=\dimen154
\pgf@path@lasty=\dimen155
)
(c:/texlive/2014/texmf-dist/tex/generic/pgf/basiclayer/pgfcorepathusage.code.te
x
File: pgfcorepathusage.code.tex 2013/12/13  (rcs-revision 1.23)
\pgf@shorten@end@additional=\dimen156
\pgf@shorten@start@additional=\dimen157
)
(c:/texlive/2014/texmf-dist/tex/generic/pgf/basiclayer/pgfcorescopes.code.tex
File: pgfcorescopes.code.tex 2013/10/09  (rcs-revision 1.44)
\pgfpic=\box36
\pgf@hbox=\box37
\pgf@layerbox@main=\box38
\pgf@picture@serial@count=\count114
)
(c:/texlive/2014/texmf-dist/tex/generic/pgf/basiclayer/pgfcoregraphicstate.code
.tex
File: pgfcoregraphicstate.code.tex 2013/09/19  (rcs-revision 1.11)
\pgflinewidth=\dimen158
)
(c:/texlive/2014/texmf-dist/tex/generic/pgf/basiclayer/pgfcoretransformations.c
ode.tex
File: pgfcoretransformations.code.tex 2013/10/10  (rcs-revision 1.17)
\pgf@pt@x=\dimen159
\pgf@pt@y=\dimen160
\pgf@pt@temp=\dimen161
)
(c:/texlive/2014/texmf-dist/tex/generic/pgf/basiclayer/pgfcorequick.code.tex
File: pgfcorequick.code.tex 2008/10/09  (rcs-revision 1.3)
)
(c:/texlive/2014/texmf-dist/tex/generic/pgf/basiclayer/pgfcoreobjects.code.tex
File: pgfcoreobjects.code.tex 2006/10/11  (rcs-revision 1.2)
)
(c:/texlive/2014/texmf-dist/tex/generic/pgf/basiclayer/pgfcorepathprocessing.co
de.tex
File: pgfcorepathprocessing.code.tex 2013/09/09  (rcs-revision 1.9)
)
(c:/texlive/2014/texmf-dist/tex/generic/pgf/basiclayer/pgfcorearrows.code.tex
File: pgfcorearrows.code.tex 2013/11/07  (rcs-revision 1.40)
\pgfarrowsep=\dimen162
)
(c:/texlive/2014/texmf-dist/tex/generic/pgf/basiclayer/pgfcoreshade.code.tex
File: pgfcoreshade.code.tex 2013/07/15  (rcs-revision 1.15)
\pgf@max=\dimen163
\pgf@sys@shading@range@num=\count115
)
(c:/texlive/2014/texmf-dist/tex/generic/pgf/basiclayer/pgfcoreimage.code.tex
File: pgfcoreimage.code.tex 2013/07/15  (rcs-revision 1.18)

(c:/texlive/2014/texmf-dist/tex/generic/pgf/basiclayer/pgfcoreexternal.code.tex
File: pgfcoreexternal.code.tex 2013/07/15  (rcs-revision 1.20)
\pgfexternal@startupbox=\box39
))
(c:/texlive/2014/texmf-dist/tex/generic/pgf/basiclayer/pgfcorelayers.code.tex
File: pgfcorelayers.code.tex 2013/07/18  (rcs-revision 1.7)
)
(c:/texlive/2014/texmf-dist/tex/generic/pgf/basiclayer/pgfcoretransparency.code
.tex
File: pgfcoretransparency.code.tex 2013/09/30  (rcs-revision 1.5)
)
(c:/texlive/2014/texmf-dist/tex/generic/pgf/basiclayer/pgfcorepatterns.code.tex
File: pgfcorepatterns.code.tex 2013/11/07  (rcs-revision 1.5)
))) (c:/texlive/2014/texmf-dist/tex/latex/pgf/utilities/xxcolor.sty
Package: xxcolor 2003/10/24 ver 0.1
\XC@nummixins=\count116
\XC@countmixins=\count117
)
(c:/texlive/2014/texmf-dist/tex/generic/oberdiek/atbegshi.sty
Package: atbegshi 2011/10/05 v1.16 At begin shipout hook (HO)
)
(c:/texlive/2014/texmf-dist/tex/latex/hyperref/hyperref.sty
Package: hyperref 2012/11/06 v6.83m Hypertext links for LaTeX

(c:/texlive/2014/texmf-dist/tex/generic/oberdiek/hobsub-hyperref.sty
Package: hobsub-hyperref 2012/05/28 v1.13 Bundle oberdiek, subset hyperref (HO)


(c:/texlive/2014/texmf-dist/tex/generic/oberdiek/hobsub-generic.sty
Package: hobsub-generic 2012/05/28 v1.13 Bundle oberdiek, subset generic (HO)
Package: hobsub 2012/05/28 v1.13 Construct package bundles (HO)
Package hobsub Info: Skipping package `infwarerr' (already loaded).
Package hobsub Info: Skipping package `ltxcmds' (already loaded).
Package: ifluatex 2010/03/01 v1.3 Provides the ifluatex switch (HO)
Package ifluatex Info: LuaTeX not detected.
Package hobsub Info: Skipping package `ifvtex' (already loaded).
Package: intcalc 2007/09/27 v1.1 Expandable calculations with integers (HO)
Package hobsub Info: Skipping package `ifpdf' (already loaded).
Package: etexcmds 2011/02/16 v1.5 Avoid name clashes with e-TeX commands (HO)
Package etexcmds Info: Could not find \expanded.
(etexcmds)             That can mean that you are not using pdfTeX 1.50 or
(etexcmds)             that some package has redefined \expanded.
(etexcmds)             In the latter case, load this package earlier.
Package: kvsetkeys 2012/04/25 v1.16 Key value parser (HO)
Package: kvdefinekeys 2011/04/07 v1.3 Define keys (HO)
Package: pdftexcmds 2011/11/29 v0.20 Utility functions of pdfTeX for LuaTeX (HO
)
Package pdftexcmds Info: LuaTeX not detected.
Package pdftexcmds Info: \pdf@primitive is available.
Package pdftexcmds Info: \pdf@ifprimitive is available.
Package pdftexcmds Info: \pdfdraftmode found.
Package: pdfescape 2011/11/25 v1.13 Implements pdfTeX's escape features (HO)
Package: bigintcalc 2012/04/08 v1.3 Expandable calculations on big integers (HO
)
Package: bitset 2011/01/30 v1.1 Handle bit-vector datatype (HO)
Package: uniquecounter 2011/01/30 v1.2 Provide unlimited unique counter (HO)
)
Package hobsub Info: Skipping package `hobsub' (already loaded).
Package: letltxmacro 2010/09/02 v1.4 Let assignment for LaTeX macros (HO)
Package: hopatch 2012/05/28 v1.2 Wrapper for package hooks (HO)
Package: xcolor-patch 2011/01/30 xcolor patch
Package: atveryend 2011/06/30 v1.8 Hooks at the very end of document (HO)
Package atveryend Info: \enddocument detected (standard20110627).
Package hobsub Info: Skipping package `atbegshi' (already loaded).
Package: refcount 2011/10/16 v3.4 Data extraction from label references (HO)
Package: hycolor 2011/01/30 v1.7 Color options for hyperref/bookmark (HO)
)
(c:/texlive/2014/texmf-dist/tex/latex/oberdiek/auxhook.sty
Package: auxhook 2011/03/04 v1.3 Hooks for auxiliary files (HO)
)
(c:/texlive/2014/texmf-dist/tex/latex/oberdiek/kvoptions.sty
Package: kvoptions 2011/06/30 v3.11 Key value format for package options (HO)
)
\@linkdim=\dimen164
\Hy@linkcounter=\count118
\Hy@pagecounter=\count119

(c:/texlive/2014/texmf-dist/tex/latex/hyperref/pd1enc.def
File: pd1enc.def 2012/11/06 v6.83m Hyperref: PDFDocEncoding definition (HO)
)
\Hy@SavedSpaceFactor=\count120

(c:/texlive/2014/texmf-dist/tex/latex/latexconfig/hyperref.cfg
File: hyperref.cfg 2002/06/06 v1.2 hyperref configuration of TeXLive
)
Package hyperref Info: Option `bookmarks' set `true' on input line 4319.
Package hyperref Info: Option `bookmarksopen' set `true' on input line 4319.
Package hyperref Info: Option `implicit' set `false' on input line 4319.
Package hyperref Info: Hyper figures OFF on input line 4443.
Package hyperref Info: Link nesting OFF on input line 4448.
Package hyperref Info: Hyper index ON on input line 4451.
Package hyperref Info: Plain pages OFF on input line 4458.
Package hyperref Info: Backreferencing OFF on input line 4463.
Package hyperref Info: Implicit mode OFF; no redefinition of LaTeX internals.
Package hyperref Info: Bookmarks ON on input line 4688.
\c@Hy@tempcnt=\count121

(c:/texlive/2014/texmf-dist/tex/latex/url/url.sty
\Urlmuskip=\muskip10
Package: url 2013/09/16  ver 3.4  Verb mode for urls, etc.
)
LaTeX Info: Redefining \url on input line 5041.
\XeTeXLinkMargin=\dimen165
\Fld@menulength=\count122
\Field@Width=\dimen166
\Fld@charsize=\dimen167
Package hyperref Info: Hyper figures OFF on input line 6295.
Package hyperref Info: Link nesting OFF on input line 6300.
Package hyperref Info: Hyper index ON on input line 6303.
Package hyperref Info: backreferencing OFF on input line 6310.
Package hyperref Info: Link coloring OFF on input line 6315.
Package hyperref Info: Link coloring with OCG OFF on input line 6320.
Package hyperref Info: PDF/A mode OFF on input line 6325.
LaTeX Info: Redefining \ref on input line 6365.
LaTeX Info: Redefining \pageref on input line 6369.
\Hy@abspage=\count123


Package hyperref Message: Stopped early.

)

Package hyperref Message: Driver (autodetected): hpdftex.

(c:/texlive/2014/texmf-dist/tex/latex/hyperref/hpdftex.def
File: hpdftex.def 2012/11/06 v6.83m Hyperref driver for pdfTeX
\Fld@listcount=\count124
\c@bookmark@seq@number=\count125

(c:/texlive/2014/texmf-dist/tex/latex/oberdiek/rerunfilecheck.sty
Package: rerunfilecheck 2011/04/15 v1.7 Rerun checks for auxiliary files (HO)
Package uniquecounter Info: New unique counter `rerunfilecheck' on input line 2
82.
))
(c:/texlive/2014/texmf-dist/tex/latex/beamer/beamerbaserequires.sty
Package: beamerbaserequires 2010/05/01  (rcs-revision efa082c6111d)

(c:/texlive/2014/texmf-dist/tex/latex/beamer/beamerbasecompatibility.sty
Package: beamerbasecompatibility 2012/05/01  (rcs-revision 67c48b3b652d)
)
(c:/texlive/2014/texmf-dist/tex/latex/beamer/beamerbasefont.sty
Package: beamerbasefont 2013/10/18  (rcs-revision 72f39e01808a)

(c:/texlive/2014/texmf-dist/tex/latex/amsfonts/amssymb.sty
Package: amssymb 2013/01/14 v3.01 AMS font symbols

(c:/texlive/2014/texmf-dist/tex/latex/amsfonts/amsfonts.sty
Package: amsfonts 2013/01/14 v3.01 Basic AMSFonts support
\@emptytoks=\toks26
\symAMSa=\mathgroup4
\symAMSb=\mathgroup5
LaTeX Font Info:    Overwriting math alphabet `\mathfrak' in version `bold'
(Font)                  U/euf/m/n --> U/euf/b/n on input line 106.
))
(c:/texlive/2014/texmf-dist/tex/latex/sansmathaccent/sansmathaccent.sty
Package: sansmathaccent 2013/03/28

(c:/texlive/2014/texmf-dist/tex/latex/filehook/filehook.sty
Package: filehook 2011/10/12 v0.5d Hooks for input files
)))
(c:/texlive/2014/texmf-dist/tex/latex/beamer/beamerbasetranslator.sty
Package: beamerbasetranslator 2010/06/11  (rcs-revision 85fd1cc7fc42)

(c:/texlive/2014/texmf-dist/tex/latex/beamer/translator/translator.sty
Package: translator 2010/06/12 ver 1.10

(c:/texlive/2014/texmf-dist/tex/latex/beamer/translator/translator-language-map
pings.tex))) (c:/texlive/2014/texmf-dist/tex/latex/beamer/beamerbasemisc.sty
Package: beamerbasemisc 2013/09/03  (rcs-revision a55719c41d85)
)
(c:/texlive/2014/texmf-dist/tex/latex/beamer/beamerbasetwoscreens.sty
Package: beamerbasetwoscreens 2010/05/01  (rcs-revision efa082c6111d)
)
(c:/texlive/2014/texmf-dist/tex/latex/beamer/beamerbaseoverlay.sty
Package: beamerbaseoverlay 2013/12/25  (rcs-revision f6bd5e3805da)
\beamer@argscount=\count126
\beamer@lastskipcover=\skip44
\beamer@trivlistdepth=\count127
)
(c:/texlive/2014/texmf-dist/tex/latex/beamer/beamerbasetitle.sty
Package: beamerbasetitle 2010/09/21  (rcs-revision f0446ed0b6ae)
)
(c:/texlive/2014/texmf-dist/tex/latex/beamer/beamerbasesection.sty
Package: beamerbasesection 2013/06/07  (rcs-revision 60b9fe0f342f)
\c@lecture=\count128
\c@part=\count129
\c@section=\count130
\c@subsection=\count131
\c@subsubsection=\count132
)
(c:/texlive/2014/texmf-dist/tex/latex/beamer/beamerbaseframe.sty
Package: beamerbaseframe 2013/10/02  (rcs-revision cdc8e9a3aaac)
\beamer@framebox=\box40
\beamer@frametitlebox=\box41
\beamer@zoombox=\box42
\beamer@zoomcount=\count133
\beamer@zoomframecount=\count134
\beamer@frametextheight=\dimen168
\c@subsectionslide=\count135
\beamer@frametopskip=\skip45
\beamer@framebottomskip=\skip46
\beamer@frametopskipautobreak=\skip47
\beamer@framebottomskipautobreak=\skip48
\beamer@envbody=\toks27
\framewidth=\dimen169
\c@framenumber=\count136
)
(c:/texlive/2014/texmf-dist/tex/latex/beamer/beamerbaseverbatim.sty
Package: beamerbaseverbatim 2012/08/30  (rcs-revision dfdb135076b3)
\beamer@verbatimfileout=\write4
)
(c:/texlive/2014/texmf-dist/tex/latex/beamer/beamerbaseframesize.sty
Package: beamerbaseframesize 2011/09/12  (rcs-revision 70f9d8411e54)
\beamer@splitbox=\box43
\beamer@autobreakcount=\count137
\beamer@autobreaklastheight=\dimen170
\beamer@frametitletoks=\toks28
\beamer@framesubtitletoks=\toks29
)
(c:/texlive/2014/texmf-dist/tex/latex/beamer/beamerbaseframecomponents.sty
Package: beamerbaseframecomponents 2013/10/18  (rcs-revision 5cf6c5555a45)
\beamer@footins=\box44
)
(c:/texlive/2014/texmf-dist/tex/latex/beamer/beamerbasecolor.sty
Package: beamerbasecolor 2010/06/06  (rcs-revision d1a9b48be06d)
)
(c:/texlive/2014/texmf-dist/tex/latex/beamer/beamerbasenotes.sty
Package: beamerbasenotes 2012/12/19  (rcs-revision 1686da3db3c9)
\beamer@frameboxcopy=\box45
)
(c:/texlive/2014/texmf-dist/tex/latex/beamer/beamerbasetoc.sty
Package: beamerbasetoc 2013/05/23  (rcs-revision 0fdf5bc43be8)
)
(c:/texlive/2014/texmf-dist/tex/latex/beamer/beamerbasetemplates.sty
Package: beamerbasetemplates 2010/05/01  (rcs-revision efa082c6111d)
\beamer@sbttoks=\toks30

(c:/texlive/2014/texmf-dist/tex/latex/beamer/beamerbaseauxtemplates.sty
Package: beamerbaseauxtemplates 2013/09/04  (rcs-revision 4ac715c499d0)

(c:/texlive/2014/texmf-dist/tex/latex/beamer/beamerbaseboxes.sty
Package: beamerbaseboxes 2012/05/13  (rcs-revision 56972908a390)
\bmb@box=\box46
\bmb@colorbox=\box47
\bmb@boxshadow=\box48
\bmb@boxshadowball=\box49
\bmb@boxshadowballlarge=\box50
\bmb@temp=\dimen171
\bmb@dima=\dimen172
\bmb@dimb=\dimen173
\bmb@prevheight=\dimen174
)
\beamer@blockheadheight=\dimen175
))
(c:/texlive/2014/texmf-dist/tex/latex/beamer/beamerbaselocalstructure.sty
Package: beamerbaselocalstructure 2013/09/04  (rcs-revision 4ac715c499d0)

(c:/texlive/2014/texmf-dist/tex/latex/tools/enumerate.sty
Package: enumerate 2014/10/28 v3.00 enumerate extensions (DPC)
\@enLab=\toks31
)
\c@figure=\count138
\c@table=\count139
\abovecaptionskip=\skip49
\belowcaptionskip=\skip50
)
(c:/texlive/2014/texmf-dist/tex/latex/beamer/beamerbasenavigation.sty
Package: beamerbasenavigation 2013/10/05  (rcs-revision 62be157fe783)
\beamer@section@min@dim=\dimen176
)
(c:/texlive/2014/texmf-dist/tex/latex/beamer/beamerbasetheorems.sty
Package: beamerbasetheorems 2010/06/06  (rcs-revision 7e7cc5e53e9d)

(c:/texlive/2014/texmf-dist/tex/latex/amsmath/amsmath.sty
Package: amsmath 2013/01/14 v2.14 AMS math features
\@mathmargin=\skip51

For additional information on amsmath, use the `?' option.
(c:/texlive/2014/texmf-dist/tex/latex/amsmath/amstext.sty
Package: amstext 2000/06/29 v2.01

(c:/texlive/2014/texmf-dist/tex/latex/amsmath/amsgen.sty
File: amsgen.sty 1999/11/30 v2.0
\@emptytoks=\toks32
\ex@=\dimen177
))
(c:/texlive/2014/texmf-dist/tex/latex/amsmath/amsbsy.sty
Package: amsbsy 1999/11/29 v1.2d
\pmbraise@=\dimen178
)
(c:/texlive/2014/texmf-dist/tex/latex/amsmath/amsopn.sty
Package: amsopn 1999/12/14 v2.01 operator names
)
\inf@bad=\count140
LaTeX Info: Redefining \frac on input line 210.
\uproot@=\count141
\leftroot@=\count142
LaTeX Info: Redefining \overline on input line 306.
\classnum@=\count143
\DOTSCASE@=\count144
LaTeX Info: Redefining \ldots on input line 378.
LaTeX Info: Redefining \dots on input line 381.
LaTeX Info: Redefining \cdots on input line 466.
\Mathstrutbox@=\box51
\strutbox@=\box52
\big@size=\dimen179
LaTeX Font Info:    Redeclaring font encoding OML on input line 566.
LaTeX Font Info:    Redeclaring font encoding OMS on input line 567.
\macc@depth=\count145
\c@MaxMatrixCols=\count146
\dotsspace@=\muskip11
\c@parentequation=\count147
\dspbrk@lvl=\count148
\tag@help=\toks33
\row@=\count149
\column@=\count150
\maxfields@=\count151
\andhelp@=\toks34
\eqnshift@=\dimen180
\alignsep@=\dimen181
\tagshift@=\dimen182
\tagwidth@=\dimen183
\totwidth@=\dimen184
\lineht@=\dimen185
\@envbody=\toks35
\multlinegap=\skip52
\multlinetaggap=\skip53
\mathdisplay@stack=\toks36
LaTeX Info: Redefining \[ on input line 2665.
LaTeX Info: Redefining \] on input line 2666.
)
(c:/texlive/2014/texmf-dist/tex/latex/amscls/amsthm.sty
Package: amsthm 2009/07/02 v2.20.1
\thm@style=\toks37
\thm@bodyfont=\toks38
\thm@headfont=\toks39
\thm@notefont=\toks40
\thm@headpunct=\toks41
\thm@preskip=\skip54
\thm@postskip=\skip55
\thm@headsep=\skip56
\dth@everypar=\toks42
)
\c@theorem=\count152
)
(c:/texlive/2014/texmf-dist/tex/latex/beamer/beamerbasethemes.sty
Package: beamerbasethemes 2010/05/01  (rcs-revision efa082c6111d)
))
(c:/texlive/2014/texmf-dist/tex/latex/beamer/themes/theme/beamerthemedefault.st
y
Package: beamerthemedefault 2010/06/17  (rcs-revision d02a7cf4d8ae)

(c:/texlive/2014/texmf-dist/tex/latex/beamer/themes/font/beamerfontthemedefault
.sty
Package: beamerfontthemedefault 2012/12/19  (rcs-revision 1686da3db3c9)
)
(c:/texlive/2014/texmf-dist/tex/latex/beamer/themes/color/beamercolorthemedefau
lt.sty
Package: beamercolorthemedefault 2012/12/19  (rcs-revision 1686da3db3c9)
)
(c:/texlive/2014/texmf-dist/tex/latex/beamer/themes/inner/beamerinnerthemedefau
lt.sty
Package: beamerinnerthemedefault 2013/10/15  (rcs-revision 65cb471f9634)
\beamer@dima=\dimen186
\beamer@dimb=\dimen187
)
(c:/texlive/2014/texmf-dist/tex/latex/beamer/themes/outer/beamerouterthemedefau
lt.sty
Package: beamerouterthemedefault 2012/12/19  (rcs-revision 1686da3db3c9)
))) (c:/texlive/2014/texmf-dist/tex/latex/bbm-macros/bbm.sty
Package: bbm 1999/03/15 V 1.2 provides fonts for set symbols - TH
LaTeX Font Info:    Overwriting math alphabet `\mathbbm' in version `bold'
(Font)                  U/bbm/m/n --> U/bbm/bx/n on input line 33.
LaTeX Font Info:    Overwriting math alphabet `\mathbbmss' in version `bold'
(Font)                  U/bbmss/m/n --> U/bbmss/bx/n on input line 35.
)
(c:/texlive/2014/texmf-dist/tex/latex/animate/animate.sty
Package: animate 2015/01/21 PDF animations from files and inline graphics

(c:/texlive/2014/texmf-dist/tex/latex/base/ifthen.sty
Package: ifthen 2014/09/29 v1.1c Standard LaTeX ifthen package (DPC)
)
(c:/texlive/2014/texmf-dist/tex/latex/oberdiek/ifdraft.sty
Package: ifdraft 2008/08/11 v1.3 Detect class options draft and final (HO)
)
(c:/texlive/2014/texmf-dist/tex/latex/tools/calc.sty
Package: calc 2014/10/28 v4.3 Infix arithmetic (KKT,FJ)
\calc@Acount=\count153
\calc@Bcount=\count154
\calc@Adimen=\dimen188
\calc@Bdimen=\dimen189
\calc@Askip=\skip57
\calc@Bskip=\skip58
LaTeX Info: Redefining \setlength on input line 75.
LaTeX Info: Redefining \addtolength on input line 76.
\calc@Ccount=\count155
\calc@Cskip=\skip59
)
(c:/texlive/2014/texmf-dist/tex/latex/oberdiek/atenddvi.sty
Package: atenddvi 2007/04/17 v1.1 At end DVI hook (HO)

(c:/texlive/2014/texmf-dist/tex/latex/oberdiek/zref-abspage.sty
Package: zref-abspage 2012/04/04 v2.24 Module abspage for zref (HO)

(c:/texlive/2014/texmf-dist/tex/latex/oberdiek/zref-base.sty
Package: zref-base 2012/04/04 v2.24 Module base for zref (HO)
Package zref Info: New property list: main on input line 759.
Package zref Info: New property: default on input line 760.
Package zref Info: New property: page on input line 761.
)
\c@abspage=\count156
Package zref Info: New property: abspage on input line 62.
)
(c:/texlive/2014/texmf-dist/tex/latex/oberdiek/zref-lastpage.sty
Package: zref-lastpage 2012/04/04 v2.24 Module lastpage for zref (HO)
Package zref Info: New property list: LastPage on input line 55.
))
(c:/texlive/2014/texmf-dist/tex/latex/animate/animfp.sty
Package: animfp 2009/07/23 fixed point addition for animate.sty
\afp@xs=\count157
\afp@xia=\count158
\afp@xib=\count159
\afp@xfa=\count160
\afp@xfb=\count161
\afp@rega=\count162
\afp@regb=\count163
\afp@regs=\count164
)
(c:/texlive/2014/texmf-dist/tex/context/base/supp-pdf.mkii
[Loading MPS to PDF converter (version 2006.09.02).]
\scratchcounter=\count165
\scratchdimen=\dimen190
\scratchbox=\box53
\nofMPsegments=\count166
\nofMParguments=\count167
\everyMPshowfont=\toks43
\MPscratchCnt=\count168
\MPscratchDim=\dimen191
\MPnumerator=\count169
\makeMPintoPDFobject=\count170
\everyMPtoPDFconversion=\toks44
)
\@anim@box=\box54
\@anim@measbox=\box55
\@anim@tmpdima=\dimen192
\@anim@tmpdimb=\dimen193
\@anim@ocnum=\count171
\@anim@num=\count172
\@anim@curframe=\count173
\@anim@curframe@zb=\count174
\@anim@resizeflags=\count175
\@anim@skipfram=\count176
\@anim@mulframecnt=\count177
\@anim@@tmlnfile=\read2
\@anim@tmpcnt=\count178
\c@@anim@ltxcnt=\count179
\@anim@curlayer=\count180
\@anim@lineno=\count181
\@anim@curfield=\count182
\@anim@begin=\toks45
\@anim@end=\toks46
\@anim@@resizeflags=\count183
) (c:/texlive/2014/texmf-dist/tex/latex/natbib/natbib.sty
Package: natbib 2010/09/13 8.31b (PWD, AO)
\bibhang=\skip60
\bibsep=\skip61
LaTeX Info: Redefining \cite on input line 694.
\c@NAT@ctr=\count184
)
(c:/texlive/2014/texmf-dist/tex/latex/algorithms/algorithm.sty
Package: algorithm 2009/08/24 v0.1 Document Style `algorithm' - floating enviro
nment

(c:/texlive/2014/texmf-dist/tex/latex/float/float.sty
Package: float 2001/11/08 v1.3d Float enhancements (AL)
\c@float@type=\count185
\float@exts=\toks47
\float@box=\box56
\@float@everytoks=\toks48
\@floatcapt=\box57
)
\@float@every@algorithm=\toks49
\c@algorithm=\count186
)
(c:/texlive/2014/texmf-dist/tex/latex/algorithmicx/algpseudocode.sty
Package: algpseudocode 

(c:/texlive/2014/texmf-dist/tex/latex/algorithmicx/algorithmicx.sty
Package: algorithmicx 2005/04/27 v1.2 Algorithmicx

Document Style algorithmicx 1.2 - a greatly improved `algorithmic' style
\c@ALG@line=\count187
\c@ALG@rem=\count188
\c@ALG@nested=\count189
\ALG@tlm=\skip62
\ALG@thistlm=\skip63
\c@ALG@Lnr=\count190
\c@ALG@blocknr=\count191
\c@ALG@storecount=\count192
\c@ALG@tmpcounter=\count193
\ALG@tmplength=\skip64
)
Document Style - pseudocode environments for use with the `algorithmicx' style
) (c:/texlive/2014/texmf-dist/tex/latex/placeins/placeins.sty
Package: placeins 2005/04/18  v 2.2
)
(c:/texlive/2014/texmf-dist/tex/latex/pgf/frontendlayer/tikz.sty
(c:/texlive/2014/texmf-dist/tex/latex/pgf/basiclayer/pgf.sty
Package: pgf 2013/12/18 v3.0.0 (rcs-revision 1.14)

(c:/texlive/2014/texmf-dist/tex/generic/pgf/modules/pgfmoduleshapes.code.tex
File: pgfmoduleshapes.code.tex 2013/10/31  (rcs-revision 1.34)
\pgfnodeparttextbox=\box58
)
(c:/texlive/2014/texmf-dist/tex/generic/pgf/modules/pgfmoduleplot.code.tex
File: pgfmoduleplot.code.tex 2013/07/31  (rcs-revision 1.12)
)
(c:/texlive/2014/texmf-dist/tex/latex/pgf/compatibility/pgfcomp-version-0-65.st
y
Package: pgfcomp-version-0-65 2007/07/03 v3.0.0 (rcs-revision 1.7)
\pgf@nodesepstart=\dimen194
\pgf@nodesepend=\dimen195
)
(c:/texlive/2014/texmf-dist/tex/latex/pgf/compatibility/pgfcomp-version-1-18.st
y
Package: pgfcomp-version-1-18 2007/07/23 v3.0.0 (rcs-revision 1.1)
)) (c:/texlive/2014/texmf-dist/tex/latex/pgf/utilities/pgffor.sty
(c:/texlive/2014/texmf-dist/tex/latex/pgf/utilities/pgfkeys.sty
(c:/texlive/2014/texmf-dist/tex/generic/pgf/utilities/pgfkeys.code.tex))
(c:/texlive/2014/texmf-dist/tex/latex/pgf/math/pgfmath.sty
(c:/texlive/2014/texmf-dist/tex/generic/pgf/math/pgfmath.code.tex))
(c:/texlive/2014/texmf-dist/tex/generic/pgf/utilities/pgffor.code.tex
Package: pgffor 2013/12/13 v3.0.0 (rcs-revision 1.25)

(c:/texlive/2014/texmf-dist/tex/generic/pgf/math/pgfmath.code.tex)
\pgffor@iter=\dimen196
\pgffor@skip=\dimen197
\pgffor@stack=\toks50
\pgffor@toks=\toks51
))
(c:/texlive/2014/texmf-dist/tex/generic/pgf/frontendlayer/tikz/tikz.code.tex
Package: tikz 2013/12/13 v3.0.0 (rcs-revision 1.142)

(c:/texlive/2014/texmf-dist/tex/generic/pgf/libraries/pgflibraryplothandlers.co
de.tex
File: pgflibraryplothandlers.code.tex 2013/08/31 v3.0.0 (rcs-revision 1.20)
\pgf@plot@mark@count=\count194
\pgfplotmarksize=\dimen198
)
\tikz@lastx=\dimen199
\tikz@lasty=\dimen200
\tikz@lastxsaved=\dimen201
\tikz@lastysaved=\dimen202
\tikzleveldistance=\dimen203
\tikzsiblingdistance=\dimen204
\tikz@figbox=\box59
\tikz@figbox@bg=\box60
\tikz@tempbox=\box61
\tikz@tempbox@bg=\box62
\tikztreelevel=\count195
\tikznumberofchildren=\count196
\tikznumberofcurrentchild=\count197
\tikz@fig@count=\count198

(c:/texlive/2014/texmf-dist/tex/generic/pgf/modules/pgfmodulematrix.code.tex
File: pgfmodulematrix.code.tex 2013/09/17  (rcs-revision 1.8)
\pgfmatrixcurrentrow=\count199
\pgfmatrixcurrentcolumn=\count200
\pgf@matrix@numberofcolumns=\count201
)
\tikz@expandcount=\count202

(c:/texlive/2014/texmf-dist/tex/generic/pgf/frontendlayer/tikz/libraries/tikzli
brarytopaths.code.tex
File: tikzlibrarytopaths.code.tex 2008/06/17 v3.0.0 (rcs-revision 1.2)
)))
(c:/texlive/2014/texmf-dist/tex/generic/pgf/frontendlayer/tikz/libraries/tikzli
brarypositioning.code.tex
File: tikzlibrarypositioning.code.tex 2008/10/06 v3.0.0 (rcs-revision 1.7)
)
(c:/texlive/2014/texmf-dist/tex/generic/pgf/frontendlayer/tikz/libraries/tikzli
braryshadows.code.tex
File: tikzlibraryshadows.code.tex 2008/01/13 v3.0.0 (rcs-revision 1.3)

(c:/texlive/2014/texmf-dist/tex/generic/pgf/frontendlayer/tikz/libraries/tikzli
braryfadings.code.tex
File: tikzlibraryfadings.code.tex 2009/11/15 v3.0.0 (rcs-revision 1.2)

(c:/texlive/2014/texmf-dist/tex/generic/pgf/libraries/pgflibraryfadings.code.te
x
File: pgflibraryfadings.code.tex 2008/02/07 v3.0.0 (rcs-revision 1.3)
)))
(c:/texlive/2014/texmf-dist/tex/generic/pgf/frontendlayer/tikz/libraries/tikzli
braryarrows.code.tex
File: tikzlibraryarrows.code.tex 2008/01/09 v3.0.0 (rcs-revision 1.1)

(c:/texlive/2014/texmf-dist/tex/generic/pgf/libraries/pgflibraryarrows.code.tex
File: pgflibraryarrows.code.tex 2013/09/23 v3.0.0 (rcs-revision 1.16)
\arrowsize=\dimen205
))
(c:/texlive/2014/texmf-dist/tex/latex/beamer/themes/theme/beamerthemeBerlin.sty
Package: beamerthemeBerlin 2010/06/17  (rcs-revision d02a7cf4d8ae)

(c:/texlive/2014/texmf-dist/tex/latex/beamer/themes/outer/beamerouterthememinif
rames.sty
Package: beamerouterthememiniframes 2010/06/17  (rcs-revision d02a7cf4d8ae)
)
(c:/texlive/2014/texmf-dist/tex/latex/beamer/themes/color/beamercolorthemewhale
.sty
Package: beamercolorthemewhale 2010/06/17  (rcs-revision d02a7cf4d8ae)
)
(c:/texlive/2014/texmf-dist/tex/latex/beamer/themes/color/beamercolorthemeorchi
d.sty
Package: beamercolorthemeorchid 2010/06/17  (rcs-revision d02a7cf4d8ae)
)
(c:/texlive/2014/texmf-dist/tex/latex/beamer/themes/inner/beamerinnerthemerecta
ngles.sty
Package: beamerinnerthemerectangles 2010/06/17  (rcs-revision d02a7cf4d8ae)
))
(c:/texlive/2014/texmf-dist/tex/latex/beamer/themes/color/beamercolorthemebeave
r.sty
Package: beamercolorthemebeaver 2010/06/17  (rcs-revision d02a7cf4d8ae)
) (./ttbactivebasel.aux)
\openout1 = `ttbactivebasel.aux'.

LaTeX Font Info:    Checking defaults for OML/cmm/m/it on input line 17.
LaTeX Font Info:    ... okay on input line 17.
LaTeX Font Info:    Checking defaults for T1/cmr/m/n on input line 17.
LaTeX Font Info:    ... okay on input line 17.
LaTeX Font Info:    Checking defaults for OT1/cmr/m/n on input line 17.
LaTeX Font Info:    ... okay on input line 17.
LaTeX Font Info:    Checking defaults for OMS/cmsy/m/n on input line 17.
LaTeX Font Info:    ... okay on input line 17.
LaTeX Font Info:    Checking defaults for OMX/cmex/m/n on input line 17.
LaTeX Font Info:    ... okay on input line 17.
LaTeX Font Info:    Checking defaults for U/cmr/m/n on input line 17.
LaTeX Font Info:    ... okay on input line 17.
LaTeX Font Info:    Checking defaults for PD1/pdf/m/n on input line 17.
LaTeX Font Info:    ... okay on input line 17.

*geometry* driver: auto-detecting
*geometry* detected driver: pdftex
*geometry* verbose mode - [ preamble ] result:
* driver: pdftex
* paper: custom
* layout: <same size as paper>
* layoutoffset:(h,v)=(0.0pt,0.0pt)
* modes: includehead includefoot 
* h-part:(L,W,R)=(28.45274pt, 307.28987pt, 28.45274pt)
* v-part:(T,H,B)=(0.0pt, 273.14662pt, 0.0pt)
* \paperwidth=364.19536pt
* \paperheight=273.14662pt
* \textwidth=307.28987pt
* \textheight=244.6939pt
* \oddsidemargin=-43.81725pt
* \evensidemargin=-43.81725pt
* \topmargin=-72.26999pt
* \headheight=14.22636pt
* \headsep=0.0pt
* \topskip=11.0pt
* \footskip=14.22636pt
* \marginparwidth=4.0pt
* \marginparsep=10.0pt
* \columnsep=10.0pt
* \skip\footins=10.0pt plus 4.0pt minus 2.0pt
* \hoffset=0.0pt
* \voffset=0.0pt
* \mag=1000
* \@twocolumnfalse
* \@twosidefalse
* \@mparswitchfalse
* \@reversemarginfalse
* (1in=72.27pt=25.4mm, 1cm=28.453pt)

(c:/texlive/2014/texmf-dist/tex/latex/oberdiek/epstopdf-base.sty
Package: epstopdf-base 2010/02/09 v2.5 Base part for package epstopdf

(c:/texlive/2014/texmf-dist/tex/latex/oberdiek/grfext.sty
Package: grfext 2010/08/19 v1.1 Manage graphics extensions (HO)
)
Package grfext Info: Graphics extension search list:
(grfext)             [.png,.pdf,.jpg,.mps,.jpeg,.jbig2,.jb2,.PNG,.PDF,.JPG,.JPE
G,.JBIG2,.JB2,.eps]
(grfext)             \AppendGraphicsExtensions on input line 452.

(c:/texlive/2014/texmf-dist/tex/latex/latexconfig/epstopdf-sys.cfg
File: epstopdf-sys.cfg 2010/07/13 v1.3 Configuration of (r)epstopdf for TeX Liv
e
))
ABD: EveryShipout initializing macros
\AtBeginShipoutBox=\box63
Package hyperref Info: Link coloring OFF on input line 17.

(c:/texlive/2014/texmf-dist/tex/latex/hyperref/nameref.sty
Package: nameref 2012/10/27 v2.43 Cross-referencing by name of section

(c:/texlive/2014/texmf-dist/tex/generic/oberdiek/gettitlestring.sty
Package: gettitlestring 2010/12/03 v1.4 Cleanup title references (HO)
)
\c@section@level=\count203
)
LaTeX Info: Redefining \ref on input line 17.
LaTeX Info: Redefining \pageref on input line 17.
LaTeX Info: Redefining \nameref on input line 17.

(./ttbactivebasel.out) (./ttbactivebasel.out)
\@outlinefile=\write5
\openout5 = `ttbactivebasel.out'.

LaTeX Font Info:    Overwriting symbol font `operators' in version `normal'
(Font)                  OT1/cmr/m/n --> OT1/cmss/m/n on input line 17.
LaTeX Font Info:    Overwriting symbol font `operators' in version `bold'
(Font)                  OT1/cmr/bx/n --> OT1/cmss/bx/n on input line 17.
\symnumbers=\mathgroup6
\sympureletters=\mathgroup7
LaTeX Font Info:    Overwriting math alphabet `\mathrm' in version `normal'
(Font)                  OT1/cmss/m/n --> OT1/cmr/m/n on input line 17.
LaTeX Font Info:    Redeclaring math alphabet \mathbf on input line 17.
LaTeX Font Info:    Overwriting math alphabet `\mathbf' in version `normal'
(Font)                  OT1/cmr/bx/n --> OT1/cmss/bx/n on input line 17.
LaTeX Font Info:    Overwriting math alphabet `\mathbf' in version `bold'
(Font)                  OT1/cmr/bx/n --> OT1/cmss/bx/n on input line 17.
LaTeX Font Info:    Redeclaring math alphabet \mathsf on input line 17.
LaTeX Font Info:    Overwriting math alphabet `\mathsf' in version `normal'
(Font)                  OT1/cmss/m/n --> OT1/cmss/m/n on input line 17.
LaTeX Font Info:    Overwriting math alphabet `\mathsf' in version `bold'
(Font)                  OT1/cmss/bx/n --> OT1/cmss/m/n on input line 17.
LaTeX Font Info:    Redeclaring math alphabet \mathit on input line 17.
LaTeX Font Info:    Overwriting math alphabet `\mathit' in version `normal'
(Font)                  OT1/cmr/m/it --> OT1/cmss/m/it on input line 17.
LaTeX Font Info:    Overwriting math alphabet `\mathit' in version `bold'
(Font)                  OT1/cmr/bx/it --> OT1/cmss/m/it on input line 17.
LaTeX Font Info:    Redeclaring math alphabet \mathtt on input line 17.
LaTeX Font Info:    Overwriting math alphabet `\mathtt' in version `normal'
(Font)                  OT1/cmtt/m/n --> OT1/cmtt/m/n on input line 17.
LaTeX Font Info:    Overwriting math alphabet `\mathtt' in version `bold'
(Font)                  OT1/cmtt/m/n --> OT1/cmtt/m/n on input line 17.
LaTeX Font Info:    Overwriting symbol font `numbers' in version `bold'
(Font)                  OT1/cmss/m/n --> OT1/cmss/bx/n on input line 17.
LaTeX Font Info:    Overwriting symbol font `pureletters' in version `bold'
(Font)                  OT1/cmss/m/it --> OT1/cmss/bx/it on input line 17.
LaTeX Font Info:    Overwriting math alphabet `\mathrm' in version `bold'
(Font)                  OT1/cmss/bx/n --> OT1/cmr/bx/n on input line 17.
LaTeX Font Info:    Overwriting math alphabet `\mathbf' in version `bold'
(Font)                  OT1/cmss/bx/n --> OT1/cmss/bx/n on input line 17.
LaTeX Font Info:    Overwriting math alphabet `\mathsf' in version `bold'
(Font)                  OT1/cmss/m/n --> OT1/cmss/bx/n on input line 17.
LaTeX Font Info:    Overwriting math alphabet `\mathit' in version `bold'
(Font)                  OT1/cmss/m/it --> OT1/cmss/bx/it on input line 17.
LaTeX Font Info:    Overwriting math alphabet `\mathtt' in version `bold'
(Font)                  OT1/cmtt/m/n --> OT1/cmtt/bx/n on input line 17.
LaTeX Font Info:    Redeclaring symbol font `pureletters' on input line 17.
LaTeX Font Info:    Overwriting symbol font `pureletters' in version `normal'
(Font)                  OT1/cmss/m/it --> OT1/mathkerncmss/m/sl on input line 1
7.
LaTeX Font Info:    Overwriting symbol font `pureletters' in version `bold'
(Font)                  OT1/cmss/bx/it --> OT1/mathkerncmss/m/sl on input line 
17.
LaTeX Font Info:    Overwriting symbol font `pureletters' in version `bold'
(Font)                  OT1/mathkerncmss/m/sl --> OT1/mathkerncmss/bx/sl on inp
ut line 17.

(c:/texlive/2014/texmf-dist/tex/latex/beamer/translator/dicts/translator-basic-
dictionary/translator-basic-dictionary-English.dict
Dictionary: translator-basic-dictionary, Language: English 
)
(c:/texlive/2014/texmf-dist/tex/latex/beamer/translator/dicts/translator-biblio
graphy-dictionary/translator-bibliography-dictionary-English.dict
Dictionary: translator-bibliography-dictionary, Language: English 
)
(c:/texlive/2014/texmf-dist/tex/latex/beamer/translator/dicts/translator-enviro
nment-dictionary/translator-environment-dictionary-English.dict
Dictionary: translator-environment-dictionary, Language: English 
)
(c:/texlive/2014/texmf-dist/tex/latex/beamer/translator/dicts/translator-months
-dictionary/translator-months-dictionary-English.dict
Dictionary: translator-months-dictionary, Language: English 
)
(c:/texlive/2014/texmf-dist/tex/latex/beamer/translator/dicts/translator-number
s-dictionary/translator-numbers-dictionary-English.dict
Dictionary: translator-numbers-dictionary, Language: English 
)
(c:/texlive/2014/texmf-dist/tex/latex/beamer/translator/dicts/translator-theore
m-dictionary/translator-theorem-dictionary-English.dict
Dictionary: translator-theorem-dictionary, Language: English 
)
LaTeX Info: Redefining \includegraphics on input line 17.
 (./ttbactivebasel.nav)

Package hyperref Warning: Option `pdfauthor' has already been used,
(hyperref)                setting the option has no effect on input line 19.

LaTeX Font Info:    Try loading font information for U+msa on input line 28.
(c:/texlive/2014/texmf-dist/tex/latex/amsfonts/umsa.fd
File: umsa.fd 2013/01/14 v3.01 AMS symbols A
)
LaTeX Font Info:    Try loading font information for U+msb on input line 28.

(c:/texlive/2014/texmf-dist/tex/latex/amsfonts/umsb.fd
File: umsb.fd 2013/01/14 v3.01 AMS symbols B
)
LaTeX Font Info:    Try loading font information for OT1+mathkerncmss on input 
line 28.

(c:/texlive/2014/texmf-dist/tex/latex/sansmathaccent/ot1mathkerncmss.fd
File: ot1mathkerncmss.fd 2013/03/27 Fontinst v1.933 font definitions for OT1/ma
thkerncmss.
)

LaTeX Font Warning: Font shape `OT1/cmss/m/n' in size <4> not available
(Font)              size <5> substituted on input line 28.

[1{c:/texlive/2014/texmf-var/fonts/map/pdftex/updmap/pdftex.map}

]
<toolbox.jpg, id=78, 1439.3775pt x 1155.31625pt>
File: toolbox.jpg Graphic file (type jpg)
 <use toolbox.jpg>
Package pdftex.def Info: toolbox.jpg used on input line 41.
(pdftex.def)             Requested size: 71.97308pt x 57.7692pt.

<tree.png, id=79, 845.1575pt x 520.94624pt>
File: tree.png Graphic file (type png)
 <use tree.png>
Package pdftex.def Info: tree.png used on input line 41.
(pdftex.def)             Requested size: 67.61397pt x 41.67654pt.
 [2

 <./toolbox.jpg> <./tree.png (PNG copy)>] <bjorn.jpg, id=107, 300.12125pt x 200
.75pt>
File: bjorn.jpg Graphic file (type jpg)

<use bjorn.jpg>
Package pdftex.def Info: bjorn.jpg used on input line 69.
(pdftex.def)             Requested size: 21.01062pt x 14.05392pt.
 <maarten.jpg, id=108, 301.125pt x 294.09875pt>
File: maarten.jpg Graphic file (type jpg)

<use maarten.jpg>
Package pdftex.def Info: maarten.jpg used on input line 69.
(pdftex.def)             Requested size: 18.06671pt x 17.64516pt.
 <paula.jpg, id=109, 1336.995pt x 1421.31pt>
File: paula.jpg Graphic file (type jpg)
 <use paula.jpg>
Package pdftex.def Info: paula.jpg used on input line 69.
(pdftex.def)             Requested size: 17.38153pt x 18.47768pt.

<maarten2.jpg, id=110, 79.29625pt x 79.29625pt>
File: maarten2.jpg Graphic file (type jpg)
 <use maarten2.jpg>
Package pdftex.def Info: maarten2.jpg used on input line 69.
(pdftex.def)             Requested size: 15.85896pt x 15.85896pt.

<brad.jpeg, id=111, 80.3pt x 80.3pt>
File: brad.jpeg Graphic file (type jpg)
 <use brad.jpeg>
Package pdftex.def Info: brad.jpeg used on input line 69.
(pdftex.def)             Requested size: 16.05971pt x 16.05971pt.
 [3

 <./bjorn.jpg> <./maarten.jpg> <./paula.jpg> <./maarten2.jpg> <./brad.jpeg>]
<gerd.png, id=140, 2409.0pt x 501.875pt>
File: gerd.png Graphic file (type png)
 <use gerd.png>
Package pdftex.def Info: gerd.png used on input line 85.
(pdftex.def)             Requested size: 240.91411pt x 50.19043pt.
 [4

 <./gerd.png>]
[5

] [6

] [7

]
Overfull \vbox (0.41516pt too high) detected at line 206
 []

[8

] [9

] <./ttbabc/example1.png (PNG copy)> <./ttbabc/example2.png (PNG copy)> <./ttba
bc/example3.png (PNG copy)> <./ttbabc/example4.png (PNG copy)> <./ttbabc/exampl
e5.png (PNG copy)> <./ttbabc/example6.png (PNG copy)> <./ttbabc/example7.png (P
NG copy)> <./ttbabc/example8.png (PNG copy)> <./ttbabc/example9.png (PNG copy)>
 <./ttbabc/example10.png (PNG copy)> <./ttbabc/example11.png (PNG copy)> <./ttb
abc/example12.png (PNG copy)> <./ttbabc/example13.png (PNG copy)> <./ttbabc/exa
mple14.png (PNG copy)> <./ttbabc/example15.png (PNG copy)> <./ttbabc/example16.
png (PNG copy)> <./ttbabc/example17.png (PNG copy)> <./ttbabc/example18.png (PN
G copy)> <./ttbabc/example19.png (PNG copy)> <./ttbabc/example20.png (PNG copy)
> <./ttbabc/example21.png (PNG copy)> <./ttbabc/example22.png (PNG copy)> <./tt
babc/example23.png (PNG copy)> <./ttbabc/example24.png (PNG copy)> <./ttbabc/ex
ample25.png (PNG copy)> <./ttbabc/example26.png (PNG copy)> <./ttbabc/example27
.png (PNG copy)> <./ttbabc/example28.png (PNG copy)> <./ttbabc/example29.png (P
NG copy)> <./ttbabc/example30.png (PNG copy)> <./ttbabc/example31.png (PNG copy
)> <./ttbabc/example32.png (PNG copy)> <./ttbabc/example33.png (PNG copy)> <./t
tbabc/example34.png (PNG copy)> <./ttbabc/example35.png (PNG copy)> <./ttbabc/e
xample36.png (PNG copy)> <./ttbabc/example37.png (PNG copy)> <./ttbabc/example3
8.png (PNG copy)> <./ttbabc/example39.png (PNG copy)> <./ttbabc/example40.png (
PNG copy)> <./ttbabc/example41.png (PNG copy)> <./ttbabc/example42.png (PNG cop
y)> <./ttbabc/example43.png (PNG copy)> <./ttbabc/example44.png (PNG copy)> <./
ttbabc/example45.png (PNG copy)> <./ttbabc/example46.png (PNG copy)> <./ttbabc/
example47.png (PNG copy)> <./ttbabc/example48.png (PNG copy)> <./ttbabc/example
49.png (PNG copy)> <./ttbabc/example50.png (PNG copy)> <./ttbabc/example51.png 
(PNG copy)> <./ttbabc/example52.png (PNG copy)> <./ttbabc/example53.png (PNG co
py)> <./ttbabc/example54.png (PNG copy)> <./ttbabc/example55.png (PNG copy)> <.
/ttbabc/example56.png (PNG copy)> <./ttbabc/example57.png (PNG copy)> <./ttbabc
/example58.png (PNG copy)> <./ttbabc/example59.png (PNG copy)> <./ttbabc/exampl
e60.png (PNG copy)> <./ttbabc/example61.png (PNG copy)> <./ttbabc/example62.png
 (PNG copy)> <./ttbabc/example63.png (PNG copy)> <./ttbabc/example64.png (PNG c
opy)> <./ttbabc/example65.png (PNG copy)> <./ttbabc/example66.png (PNG copy)> <
./ttbabc/example67.png (PNG copy)> <./ttbabc/example68.png (PNG copy)> <./ttbab
c/example69.png (PNG copy)> <./ttbabc/example70.png (PNG copy)> <./ttbabc/examp
le71.png (PNG copy)> <./ttbabc/example72.png (PNG copy)> <./ttbabc/example73.pn
g (PNG copy)> <./ttbabc/example74.png (PNG copy)> <./ttbabc/example75.png (PNG 
copy)> <./ttbabc/example76.png (PNG copy)> <./ttbabc/example77.png (PNG copy)> 
<./ttbabc/example78.png (PNG copy)> <./ttbabc/example79.png (PNG copy)> <./ttba
bc/example80.png (PNG copy)> <./ttbabc/example81.png (PNG copy)> <./ttbabc/exam
ple82.png (PNG copy)> <./ttbabc/example83.png (PNG copy)> <./ttbabc/example84.p
ng (PNG copy)> <./ttbabc/example85.png (PNG copy)> <./ttbabc/example86.png (PNG
 copy)> <./ttbabc/example87.png (PNG copy)> <./ttbabc/example88.png (PNG copy)>
 <./ttbabc/example89.png (PNG copy)> <./ttbabc/example90.png (PNG copy)> <./ttb
abc/example91.png (PNG copy)> <./ttbabc/example92.png (PNG copy)> <./ttbabc/exa
mple93.png (PNG copy)> <./ttbabc/example94.png (PNG copy)> <./ttbabc/example95.
png (PNG copy)> <./ttbabc/example96.png (PNG copy)> <./ttbabc/example97.png (PN
G copy)> <./ttbabc/example98.png (PNG copy)> <./ttbabc/example99.png (PNG copy)
> [10

] <germany.jpg, id=846, 361.35pt x 420.3705pt>
File: germany.jpg Graphic file (type jpg)
 <use germany.jpg>
Package pdftex.def Info: germany.jpg used on input line 245.
(pdftex.def)             Requested size: 79.49724pt x 92.4818pt.

[11

 <./germany.jpg>] <ttbcity.pdf, id=875, 867.24pt x 867.24pt>
File: ttbcity.pdf Graphic file (type pdf)

<use ttbcity.pdf>
Package pdftex.def Info: ttbcity.pdf used on input line 252.
(pdftex.def)             Requested size: 190.7934pt x 190.7934pt.

Overfull \vbox (5.05602pt too high) detected at line 252
 []

[12

 <./ttbcity.pdf>] <perfcitysize.pdf, id=909, 505.89pt x 505.89pt>
File: perfcitysize.pdf Graphic file (type pdf)

<use perfcitysize.pdf>
Package pdftex.def Info: perfcitysize.pdf used on input line 260.
(pdftex.def)             Requested size: 187.17636pt x 187.17636pt.
 [13

 <./perfcitysize.pdf>]
<tools.jpeg, id=945, 259.97125pt x 194.7275pt>
File: tools.jpeg Graphic file (type jpg)
 <use tools.jpeg>
Package pdftex.def Info: tools.jpeg used on input line 268.
(pdftex.def)             Requested size: 31.19519pt x 23.36629pt.

<polya.png, id=946, 500.87125pt x 413.545pt>
File: polya.png Graphic file (type png)
 <use polya.png>
Package pdftex.def Info: polya.png used on input line 268.
(pdftex.def)             Requested size: 35.06456pt x 28.9511pt.

<realtree.png, id=948, 654.445pt x 482.80376pt>
File: realtree.png Graphic file (type png)
 <use realtree.png>
Package pdftex.def Info: realtree.png used on input line 268.
(pdftex.def)             Requested size: 32.72417pt x 24.1416pt.

<workinprogress.jpeg, id=949, 225.84375pt x 225.84375pt>
File: workinprogress.jpeg Graphic file (type jpg)

<use workinprogress.jpeg>
Package pdftex.def Info: workinprogress.jpeg used on input line 268.
(pdftex.def)             Requested size: 27.10007pt x 27.10007pt.
 [14

 <./tools.jpeg> <./polya.png> <./realtree.png> <./workinprogress.jpeg>] <gerdac
tive.png, id=979, 2810.5pt x 501.875pt>
File: gerdactive.png Graphic file (type png)

<use gerdactive.png>
Package pdftex.def Info: gerdactive.png used on input line 285.
(pdftex.def)             Requested size: 281.06647pt x 50.19043pt.
 [15

 <./gerdactive.png (PNG copy)>] [16

]
<hspace.png, id=1035, 688.5725pt x 178.6675pt>
File: hspace.png Graphic file (type png)
 <use hspace.png>
Package pdftex.def Info: hspace.png used on input line 314.
(pdftex.def)             Requested size: 206.57333pt x 53.60065pt.
 [17

 <./hspace.png>] [18

] [19

] <aliens.png, id=1123, 530.4618pt x 948.9051pt>
File: aliens.png Graphic file (type png)
 <use aliens.png>
Package pdftex.def Info: aliens.png used on input line 361.
(pdftex.def)             Requested size: 74.26414pt x 132.84581pt.

[20

 <./aliens.png>] <comp.pdf, id=1152, 505.89pt x 505.89pt>
File: comp.pdf Graphic file (type pdf)
 <use comp.pdf>
Package pdftex.def Info: comp.pdf used on input line 374.
(pdftex.def)             Requested size: 126.47218pt x 126.47218pt.

[21

 <./comp.pdf>] <score.pdf, id=1186, 505.89pt x 505.89pt>
File: score.pdf Graphic file (type pdf)
 <use score.pdf>
Package pdftex.def Info: score.pdf used on input line 384.
(pdftex.def)             Requested size: 126.47218pt x 126.47218pt.

<percentage.pdf, id=1187, 505.89pt x 505.89pt>
File: percentage.pdf Graphic file (type pdf)
 <use percentage.pdf>
Package pdftex.def Info: percentage.pdf used on input line 384.
(pdftex.def)             Requested size: 126.47218pt x 126.47218pt.
 [22

 <./score.pdf> <./percentage.pdf>] <shortoverview.pdf, id=1230, 505.89pt x 505.
89pt>
File: shortoverview.pdf Graphic file (type pdf)

<use shortoverview.pdf>
Package pdftex.def Info: shortoverview.pdf used on input line 397.
(pdftex.def)             Requested size: 151.76816pt x 151.76816pt.
 <results.pdf, id=1231, 505.89pt x 505.89pt>
File: results.pdf Graphic file (type pdf)

<use results.pdf>
Package pdftex.def Info: results.pdf used on input line 397.
(pdftex.def)             Requested size: 151.76816pt x 151.76816pt.
 [23

 <./shortoverview.pdf> <./results.pdf>]
<distinguish.jpeg, id=1273, 281.05pt x 180.675pt>
File: distinguish.jpeg Graphic file (type jpg)
 <use distinguish.jpeg>
Package pdftex.def Info: distinguish.jpeg used on input line 406.
(pdftex.def)             Requested size: 33.72453pt x 21.68005pt.

<uncertain.png, id=1274, 60.225pt x 36.135pt>
File: uncertain.png Graphic file (type png)
 <use uncertain.png>
Package pdftex.def Info: uncertain.png used on input line 406.
(pdftex.def)             Requested size: 36.13527pt x 21.68115pt.

<ttb.jpg, id=1275, 334.1283pt x 289.08pt>
File: ttb.jpg Graphic file (type jpg)
 <use ttb.jpg>
Package pdftex.def Info: ttb.jpg used on input line 406.
(pdftex.def)             Requested size: 23.39136pt x 20.23766pt.
File: workinprogress.jpeg Graphic file (type jpg)

<use workinprogress.jpeg>
Package pdftex.def Info: workinprogress.jpeg used on input line 406.
(pdftex.def)             Requested size: 27.10007pt x 27.10007pt.
 [24

 <./distinguish.jpeg> <./uncertain.png> <./ttb.jpg>] [25

] <paula.png, id=1332, 2409.0pt x 501.875pt>
File: paula.png Graphic file (type png)
 <use paula.png>
Package pdftex.def Info: paula.png used on input line 433.
(pdftex.def)             Requested size: 240.91411pt x 50.19043pt.

<bjorn.png, id=1333, 2409.0pt x 501.875pt>
File: bjorn.png Graphic file (type png)
 <use bjorn.png>
Package pdftex.def Info: bjorn.png used on input line 433.
(pdftex.def)             Requested size: 240.91411pt x 50.19043pt.

<brad.png, id=1334, 2409.0pt x 501.875pt>
File: brad.png Graphic file (type png)
 <use brad.png>
Package pdftex.def Info: brad.png used on input line 433.
(pdftex.def)             Requested size: 240.91411pt x 50.19043pt.

<maarten.png, id=1335, 2409.0pt x 501.875pt>
File: maarten.png Graphic file (type png)
 <use maarten.png>
Package pdftex.def Info: maarten.png used on input line 433.
(pdftex.def)             Requested size: 240.91411pt x 50.19043pt.

Overfull \vbox (9.48843pt too high) detected at line 433
 []

Package atenddvi Info: Last page = 26.
[26

 <./paula.png> <./bjorn.png> <./brad.png> <./maarten.png>]
\tf@nav=\write6
\openout6 = `ttbactivebasel.nav'.

\tf@toc=\write7
\openout7 = `ttbactivebasel.toc'.

\tf@snm=\write8
\openout8 = `ttbactivebasel.snm'.

Package atveryend Info: Empty hook `BeforeClearDocument' on input line 435.
Package atveryend Info: Executing hook `AfterLastShipout' on input line 435.

(./ttbactivebasel.aux)
Package atveryend Info: Executing hook `AtVeryEndDocument' on input line 435.
Package atveryend Info: Executing hook `AtEndAfterFileList' on input line 435.
Package rerunfilecheck Info: File `ttbactivebasel.out' has not changed.
(rerunfilecheck)             Checksum: 4CA0FF56E3EE124326A4720E136735D1;47.


LaTeX Font Warning: Size substitutions with differences
(Font)              up to 1.0pt have occurred.

Package atveryend Info: Empty hook `AtVeryVeryEnd' on input line 435.
 ) 
Here is how much of TeX's memory you used:
 23023 strings out of 493109
 449430 string characters out of 6138587
 556794 words of memory out of 5000000
 25775 multiletter control sequences out of 15000+600000
 13267 words of font info for 48 fonts, out of 8000000 for 9000
 1141 hyphenation exceptions out of 8191
 63i,19n,78p,414b,2217s stack positions out of 5000i,500n,10000p,200000b,80000s
<c:/texlive/2014/texmf-dist/fonts/type1/public/amsfonts/cm/cmex10.pfb><c:/tex
live/2014/texmf-dist/fonts/type1/public/amsfonts/cmextra/cmex8.pfb><c:/texlive/
2014/texmf-dist/fonts/type1/public/amsfonts/cm/cmmi10.pfb><c:/texlive/2014/texm
f-dist/fonts/type1/public/amsfonts/cm/cmmi8.pfb><c:/texlive/2014/texmf-dist/fon
ts/type1/public/amsfonts/cm/cmss10.pfb><c:/texlive/2014/texmf-dist/fonts/type1/
public/amsfonts/cm/cmss12.pfb><c:/texlive/2014/texmf-dist/fonts/type1/public/am
sfonts/cm/cmss8.pfb><c:/texlive/2014/texmf-dist/fonts/type1/public/amsfonts/cm/
cmssbx10.pfb><c:/texlive/2014/texmf-dist/fonts/type1/public/amsfonts/cm/cmssi10
.pfb><c:/texlive/2014/texmf-dist/fonts/type1/public/amsfonts/cm/cmssi8.pfb><c:/
texlive/2014/texmf-dist/fonts/type1/public/amsfonts/cm/cmsy10.pfb><c:/texlive/2
014/texmf-dist/fonts/type1/public/amsfonts/cm/cmsy8.pfb><c:/texlive/2014/texmf-
dist/fonts/type1/public/amsfonts/symbols/msbm10.pfb>
Output written on ttbactivebasel.pdf (26 pages, 9881082 bytes).
PDF statistics:
 1427 PDF objects out of 1440 (max. 8388607)
 1003 compressed objects within 11 object streams
 55 named destinations out of 1000 (max. 500000)
 2010 words of extra memory for PDF output out of 10000 (max. 10000000)

